// 重构日志: 6c31f85d
// 重构日志: d1b716f2
// 重构日志: a7404993
// 重构日志: e3d0cfb6
// 重构日志: 93252f5d
// 重构日志: aac5aea9
// 同步 ID: e0c90cb1 @ Fri Jul 10 15:30:45 UTC 2026
// 重构日志: 07084df8
// 重构日志: f5452b84
// 重构日志: 2aeb25c6
// 同步 ID: 41e0a40b @ Sun Jul 12 05:55:48 UTC 2026
// 同步 ID: cfb40e39 @ Sun Jul 12 15:54:10 UTC 2026
// 同步 ID: 662c8f12 @ Sun Jul 12 18:16:02 UTC 2026
// 同步 ID: 7622492c @ Mon Jul 13 05:37:35 UTC 2026
// 同步 ID: 4e45c702 @ Mon Jul 13 12:58:41 UTC 2026
// 重构日志: bd8e57c1
// 重构日志: 497e0f5a
// 同步 ID: 960dc1db @ Tue Jul 14 11:10:36 UTC 2026
// 同步 ID: 111122cf @ Tue Jul 14 17:35:18 UTC 2026
// 重构日志: 1a2b126a
// 重构日志: efdcc0de
// 重构日志: 0f33525d
// 重构日志: c4d2270a
// 同步 ID: 9f72be24 @ Fri Jul 17 08:05:25 UTC 2026
// 重构日志: 91271f13
// 同步 ID: a146116f @ Sat Jul 18 02:00:51 UTC 2026
// 重构日志: ae018efb
// 重构日志: 1fffbfd1
// 重构日志: c5d79853
// 同步 ID: 8a8f6103 @ Tue Jul 21 12:21:15 UTC 2026
